<?xml version="1.0" encoding="UTF-8"?>
<!-- Generated by org.testng.reporters.JUnitReportReporter -->
<testsuite skipped="0" hostname="LAPTOP-26SQLRBR" name="restapitesting.TwitterRestApiTest" tests="2" failures="0" timestamp="06 Jul 2019 05:56:30 GMT" time="3.355" errors="0">
  <testcase name="getLatestTweets" time="2.959" classname="restapitesting.TwitterRestApiTest"/>
  <testcase name="postTweet" time="0.396" classname="restapitesting.TwitterRestApiTest"/>
</testsuite> <!-- restapitesting.TwitterRestApiTest -->
