<?xml version="1.0" encoding="UTF-8"?>
<!-- Generated by org.testng.reporters.JUnitReportReporter -->
<testsuite skipped="0" hostname="LAPTOP-26SQLRBR" name="restapitesting.LibraryApiTest" tests="3" failures="0" timestamp="05 Jul 2019 17:23:21 GMT" time="5.035" errors="0">
  <testcase name="addBookApiTest" time="0.667" classname="restapitesting.LibraryApiTest"/>
  <testcase name="addBookApiTest" time="0.671" classname="restapitesting.LibraryApiTest"/>
  <testcase name="addBookApiTest" time="3.697" classname="restapitesting.LibraryApiTest"/>
</testsuite> <!-- restapitesting.LibraryApiTest -->
