<?xml version="1.0" encoding="UTF-8"?>
<!-- Generated by org.testng.reporters.JUnitReportReporter -->
<testsuite skipped="0" hostname="LAPTOP-26SQLRBR" name="restapitesting.JiraRestApiTest" tests="1" failures="0" timestamp="05 Jul 2019 22:57:55 GMT" time="3.326" errors="0">
  <testcase name="createJiraIssue" time="3.326" classname="restapitesting.JiraRestApiTest"/>
</testsuite> <!-- restapitesting.JiraRestApiTest -->
