<?xml version="1.0" encoding="UTF-8"?>
<!-- Generated by org.testng.reporters.JUnitReportReporter -->
<testsuite skipped="0" hostname="LAPTOP-26SQLRBR" name="restapitesting.ApiJsonTest" tests="2" failures="0" timestamp="08 Jul 2019 05:50:58 GMT" time="4.576" errors="0">
  <testcase name="post" time="0.698" classname="restapitesting.ApiJsonTest"/>
  <testcase name="addDeletePlace" time="3.878" classname="restapitesting.ApiJsonTest"/>
</testsuite> <!-- restapitesting.ApiJsonTest -->
