<?xml version="1.0" encoding="UTF-8"?>
<!-- Generated by org.testng.reporters.JUnitReportReporter -->
<testsuite skipped="0" hostname="LAPTOP-26SQLRBR" name="restapitesting.ApiXmlTest" tests="2" failures="0" timestamp="04 Jul 2019 18:01:14 GMT" time="7.844" errors="0">
  <testcase name="addDeletePlace" time="7.065" classname="restapitesting.ApiXmlTest"/>
  <testcase name="post" time="0.779" classname="restapitesting.ApiXmlTest"/>
</testsuite> <!-- restapitesting.ApiXmlTest -->
