<?xml version="1.0" encoding="UTF-8"?>
<!-- Generated by org.testng.reporters.JUnitReportReporter -->
<testsuite skipped="0" hostname="LAPTOP-26SQLRBR" name="restapitesting.ApiTests" tests="1" failures="0" timestamp="03 Jul 2019 18:34:55 GMT" time="2.731" errors="0">
  <testcase name="test1" time="2.731" classname="restapitesting.ApiTests"/>
</testsuite> <!-- restapitesting.ApiTests -->
