<?xml version="1.0" encoding="UTF-8"?>
<!-- Generated by org.testng.reporters.JUnitReportReporter -->
<testsuite skipped="0" hostname="LAPTOP-26SQLRBR" name="restapitesting.ApiTests2" tests="2" failures="0" timestamp="04 Jul 2019 16:33:10 GMT" time="8.900" errors="0">
  <testcase name="addDeletePlace" time="8.257" classname="restapitesting.ApiTests2"/>
  <testcase name="post" time="0.643" classname="restapitesting.ApiTests2"/>
</testsuite> <!-- restapitesting.ApiTests2 -->
