<?xml version="1.0" encoding="UTF-8"?>
<!-- Generated by org.testng.reporters.JUnitReportReporter -->
<testsuite hostname="LAPTOP-26SQLRBR" name="restapitesting.ApiJsonTest" tests="2" failures="0" timestamp="8 Jul 2019 07:03:39 GMT" time="6.225" errors="0">
  <testcase name="post" time="0.750" classname="restapitesting.ApiJsonTest"/>
  <testcase name="addDeletePlace" time="5.475" classname="restapitesting.ApiJsonTest"/>
</testsuite>
