<?xml version="1.0" encoding="UTF-8"?>
<!-- Generated by org.testng.reporters.JUnitReportReporter -->
<testsuite hostname="LAPTOP-26SQLRBR" name="restapitesting.JiraRestApiTest" tests="1" failures="0" timestamp="8 Jul 2019 19:33:39 GMT" time="6.383" errors="0">
  <testcase name="createJiraIssue" time="6.383" classname="restapitesting.JiraRestApiTest"/>
</testsuite>
