<?xml version="1.0" encoding="UTF-8"?>
<!-- Generated by org.testng.reporters.JUnitReportReporter -->
<testsuite hostname="LAPTOP-26SQLRBR" name="restapitesting.ApiJsonTest" tests="2" failures="0" timestamp="8 Jul 2019 19:33:39 GMT" time="8.488" errors="0">
  <testcase name="addDeletePlace" time="7.696" classname="restapitesting.ApiJsonTest"/>
  <testcase name="post" time="0.792" classname="restapitesting.ApiJsonTest"/>
</testsuite>
