<?xml version="1.0" encoding="UTF-8"?>
<!-- Generated by org.testng.reporters.JUnitReportReporter -->
<testsuite hostname="LAPTOP-26SQLRBR" name="restapitesting.ApiTests" tests="1" failures="0" timestamp="8 Jul 2019 07:03:39 GMT" time="0.001" errors="0">
  <testcase name="get" time="0.001" classname="restapitesting.ApiTests"/>
</testsuite>
