<?xml version="1.0" encoding="UTF-8"?>
<!-- Generated by org.testng.reporters.JUnitReportReporter -->
<testsuite hostname="LAPTOP-26SQLRBR" name="restapitesting.JiraRestApiTest" tests="1" failures="0" timestamp="8 Jul 2019 07:03:39 GMT" time="1.106" errors="0">
  <testcase name="createJiraIssue" time="1.106" classname="restapitesting.JiraRestApiTest"/>
</testsuite>
